c:\users\adi.veiszman\source\repos\thunderbirds-1\x64\debug\vc142.pdb
c:\users\adi.veiszman\source\repos\thunderbirds-1\x64\debug\vc142.idb
c:\users\adi.veiszman\source\repos\thunderbirds-1\x64\debug\wall.obj
c:\users\adi.veiszman\source\repos\thunderbirds-1\x64\debug\utils.obj
c:\users\adi.veiszman\source\repos\thunderbirds-1\x64\debug\ship.obj
c:\users\adi.veiszman\source\repos\thunderbirds-1\x64\debug\point.obj
c:\users\adi.veiszman\source\repos\thunderbirds-1\x64\debug\menu.obj
c:\users\adi.veiszman\source\repos\thunderbirds-1\x64\debug\main.obj
c:\users\adi.veiszman\source\repos\thunderbirds-1\x64\debug\keys.obj
c:\users\adi.veiszman\source\repos\thunderbirds-1\x64\debug\io_utils.obj
c:\users\adi.veiszman\source\repos\thunderbirds-1\x64\debug\game.obj
c:\users\adi.veiszman\source\repos\thunderbirds-1\x64\debug\board.obj
c:\users\adi.veiszman\source\repos\thunderbirds-1\x64\debug\block.obj
c:\users\adi.veiszman\source\repos\thunderbirds-1\x64\debug\ghost.obj
c:\users\adi.veiszman\source\repos\thunderbirds-1\x64\debug\boardutils.obj
c:\users\adi.veiszman\source\repos\thunderbirds-1\x64\debug\gamefile.obj
c:\users\adi.veiszman\source\repos\thunderbirds-1\x64\debug\legened.obj
c:\users\adi.veiszman\source\repos\thunderbirds-1\x64\debug\thunderbirds 1.exe
c:\users\adi.veiszman\source\repos\thunderbirds-1\x64\debug\thunderbirds 1.ilk
c:\users\adi.veiszman\source\repos\thunderbirds-1\x64\debug\thunderbirds 1.pdb
c:\users\adi.veiszman\source\repos\thunderbirds-1\x64\debug\file.obj
c:\users\adi.veiszman\source\repos\thunderbirds-1\x64\debug\board.obj.enc
c:\users\adi.veiszman\source\repos\thunderbirds-1\x64\debug\thunderbirds 1.tlog\cl.command.1.tlog
c:\users\adi.veiszman\source\repos\thunderbirds-1\x64\debug\thunderbirds 1.tlog\cl.read.1.tlog
c:\users\adi.veiszman\source\repos\thunderbirds-1\x64\debug\thunderbirds 1.tlog\cl.write.1.tlog
c:\users\adi.veiszman\source\repos\thunderbirds-1\x64\debug\thunderbirds 1.tlog\link-cvtres.read.1.tlog
c:\users\adi.veiszman\source\repos\thunderbirds-1\x64\debug\thunderbirds 1.tlog\link-cvtres.write.1.tlog
c:\users\adi.veiszman\source\repos\thunderbirds-1\x64\debug\thunderbirds 1.tlog\link-rc.read.1.tlog
c:\users\adi.veiszman\source\repos\thunderbirds-1\x64\debug\thunderbirds 1.tlog\link-rc.write.1.tlog
c:\users\adi.veiszman\source\repos\thunderbirds-1\x64\debug\thunderbirds 1.tlog\link.command.1.tlog
c:\users\adi.veiszman\source\repos\thunderbirds-1\x64\debug\thunderbirds 1.tlog\link.read.1.tlog
c:\users\adi.veiszman\source\repos\thunderbirds-1\x64\debug\thunderbirds 1.tlog\link.write.1.tlog
